<?xml version="1.0" encoding="UTF-8"?>
<!-- Generated by org.testng.reporters.JUnitReportReporter -->
<testsuite hostname="DESKTOP-MNGQGRB" failures="0" tests="7" name="tests.TC_001_SignUpTest" time="51.681" errors="0" timestamp="2025-07-04T14:38:30 IST" skipped="0">
  <testcase classname="tests.TC_001_SignUpTest" name="signUpTest" time="5.651"/>
  <testcase classname="tests.TC_001_SignUpTest" name="signUpTest" time="7.369"/>
  <testcase classname="tests.TC_001_SignUpTest" name="signUpTest" time="5.614"/>
  <testcase classname="tests.TC_001_SignUpTest" name="signUpTest" time="9.799"/>
  <testcase classname="tests.TC_001_SignUpTest" name="signUpTest" time="7.755"/>
  <testcase classname="tests.TC_001_SignUpTest" name="signUpTest" time="7.444"/>
  <testcase classname="tests.TC_001_SignUpTest" name="signUpTest" time="8.049"/>
</testsuite> <!-- tests.TC_001_SignUpTest -->
