<?xml version="1.0" encoding="UTF-8"?>
<!-- Generated by org.testng.reporters.JUnitReportReporter -->
<testsuite hostname="DESKTOP-MNGQGRB" failures="0" tests="5" name="tests.TC_002_LoginTest" time="36.853" errors="0" timestamp="2025-07-04T14:38:30 IST" skipped="0">
  <testcase classname="tests.TC_002_LoginTest" name="LoginTest" time="9.474"/>
  <testcase classname="tests.TC_002_LoginTest" name="LoginTest" time="4.632"/>
  <testcase classname="tests.TC_002_LoginTest" name="LoginTest" time="9.186"/>
  <testcase classname="tests.TC_002_LoginTest" name="passwordFieldMask" time="4.126"/>
  <testcase classname="tests.TC_002_LoginTest" name="LoginTest" time="9.435"/>
</testsuite> <!-- tests.TC_002_LoginTest -->
