<?xml version="1.0" encoding="UTF-8"?>
<!-- Generated by org.testng.reporters.JUnitReportReporter -->
<testsuite hostname="DESKTOP-MNGQGRB" failures="0" tests="5" name="tests.TC_002_LoginTest" time="35.863" errors="0" timestamp="2025-07-06T14:31:55 IST" skipped="0">
  <testcase classname="tests.TC_002_LoginTest" name="LoginTest" time="9.380"/>
  <testcase classname="tests.TC_002_LoginTest" name="passwordFieldMask" time="3.819"/>
  <testcase classname="tests.TC_002_LoginTest" name="LoginTest" time="4.203"/>
  <testcase classname="tests.TC_002_LoginTest" name="LoginTest" time="9.200"/>
  <testcase classname="tests.TC_002_LoginTest" name="LoginTest" time="9.261"/>
</testsuite> <!-- tests.TC_002_LoginTest -->
