<?xml version="1.0" encoding="UTF-8"?>
<!-- Generated by org.testng.reporters.JUnitReportReporter -->
<testsuite hostname="DESKTOP-MNGQGRB" failures="0" tests="7" name="tests.TC_001_SignUpTest" time="54.529" errors="0" timestamp="2025-07-06T14:31:55 IST" skipped="0">
  <testcase classname="tests.TC_001_SignUpTest" name="signUpTest" time="7.559"/>
  <testcase classname="tests.TC_001_SignUpTest" name="signUpTest" time="5.024"/>
  <testcase classname="tests.TC_001_SignUpTest" name="signUpTest" time="8.724"/>
  <testcase classname="tests.TC_001_SignUpTest" name="signUpTest" time="7.384"/>
  <testcase classname="tests.TC_001_SignUpTest" name="signUpTest" time="7.386"/>
  <testcase classname="tests.TC_001_SignUpTest" name="signUpTest" time="11.328"/>
  <testcase classname="tests.TC_001_SignUpTest" name="signUpTest" time="7.124"/>
</testsuite> <!-- tests.TC_001_SignUpTest -->
